<?xml version="1.0" encoding="UTF-8"?>
<testng-results skipped="0" failed="0" total="2" passed="2">
  <reporter-output>
  </reporter-output>
  <suite name="FREE CRM Application Test Automation Test Suite" duration-ms="51329" started-at="2020-05-05T14:27:58Z" finished-at="2020-05-05T14:28:50Z">
    <groups>
    </groups>
    <test name="Free CRM App Test Cases" duration-ms="51329" started-at="2020-05-05T14:27:58Z" finished-at="2020-05-05T14:28:50Z">
      <class name="com.crm.qa.testcases.LoginPageTest">
        <test-method status="PASS" signature="setUp()[pri:0, instance:com.crm.qa.testcases.LoginPageTest@3fb6a447]" name="setUp" is-config="true" duration-ms="29049" started-at="2020-05-05T10:27:58Z" finished-at="2020-05-05T10:28:28Z">
          <reporter-output>
          </reporter-output>
        </test-method> <!-- setUp -->
        <test-method status="PASS" signature="loginTest()[pri:0, instance:com.crm.qa.testcases.LoginPageTest@3fb6a447]" name="loginTest" duration-ms="1746" started-at="2020-05-05T10:28:28Z" finished-at="2020-05-05T10:28:29Z">
          <reporter-output>
          </reporter-output>
        </test-method> <!-- loginTest -->
        <test-method status="PASS" signature="tearDown()[pri:0, instance:com.crm.qa.testcases.LoginPageTest@3fb6a447]" name="tearDown" is-config="true" duration-ms="1042" started-at="2020-05-05T10:28:29Z" finished-at="2020-05-05T10:28:30Z">
          <reporter-output>
          </reporter-output>
        </test-method> <!-- tearDown -->
        <test-method status="PASS" signature="setUp()[pri:0, instance:com.crm.qa.testcases.LoginPageTest@3fb6a447]" name="setUp" is-config="true" duration-ms="17923" started-at="2020-05-05T10:28:30Z" finished-at="2020-05-05T10:28:48Z">
          <reporter-output>
          </reporter-output>
        </test-method> <!-- setUp -->
        <test-method status="PASS" signature="loginPageTitleTest()[pri:0, instance:com.crm.qa.testcases.LoginPageTest@3fb6a447]" name="loginPageTitleTest" duration-ms="98" started-at="2020-05-05T10:28:48Z" finished-at="2020-05-05T10:28:48Z">
          <reporter-output>
          </reporter-output>
        </test-method> <!-- loginPageTitleTest -->
        <test-method status="PASS" signature="tearDown()[pri:0, instance:com.crm.qa.testcases.LoginPageTest@3fb6a447]" name="tearDown" is-config="true" duration-ms="1430" started-at="2020-05-05T10:28:48Z" finished-at="2020-05-05T10:28:50Z">
          <reporter-output>
          </reporter-output>
        </test-method> <!-- tearDown -->
      </class> <!-- com.crm.qa.testcases.LoginPageTest -->
    </test> <!-- Free CRM App Test Cases -->
  </suite> <!-- FREE CRM Application Test Automation Test Suite -->
</testng-results>
