<?xml version="1.0" encoding="UTF-8"?>
<testng-results skipped="0" failed="0" total="2" passed="2">
  <reporter-output>
  </reporter-output>
  <suite name="FREE CRM Application Test Automation Test Suite" duration-ms="43715" started-at="2020-04-30T17:02:02Z" finished-at="2020-04-30T17:02:45Z">
    <groups>
    </groups>
    <test name="Free CRM App Test Cases" duration-ms="43715" started-at="2020-04-30T17:02:02Z" finished-at="2020-04-30T17:02:45Z">
      <class name="com.crm.qa.testcases.LoginPageTest">
        <test-method status="PASS" signature="setUp()[pri:0, instance:com.crm.qa.testcases.LoginPageTest@4411d970]" name="setUp" is-config="true" duration-ms="25208" started-at="2020-04-30T13:02:02Z" finished-at="2020-04-30T13:02:27Z">
          <reporter-output>
          </reporter-output>
        </test-method> <!-- setUp -->
        <test-method status="PASS" signature="loginTest()[pri:0, instance:com.crm.qa.testcases.LoginPageTest@4411d970]" name="loginTest" duration-ms="1706" started-at="2020-04-30T13:02:27Z" finished-at="2020-04-30T13:02:29Z">
          <reporter-output>
          </reporter-output>
        </test-method> <!-- loginTest -->
        <test-method status="PASS" signature="tearDown()[pri:0, instance:com.crm.qa.testcases.LoginPageTest@4411d970]" name="tearDown" is-config="true" duration-ms="1582" started-at="2020-04-30T13:02:29Z" finished-at="2020-04-30T13:02:30Z">
          <reporter-output>
          </reporter-output>
        </test-method> <!-- tearDown -->
        <test-method status="PASS" signature="setUp()[pri:0, instance:com.crm.qa.testcases.LoginPageTest@4411d970]" name="setUp" is-config="true" duration-ms="14181" started-at="2020-04-30T13:02:30Z" finished-at="2020-04-30T13:02:44Z">
          <reporter-output>
          </reporter-output>
        </test-method> <!-- setUp -->
        <test-method status="PASS" signature="loginPageTitleTest()[pri:0, instance:com.crm.qa.testcases.LoginPageTest@4411d970]" name="loginPageTitleTest" duration-ms="21" started-at="2020-04-30T13:02:44Z" finished-at="2020-04-30T13:02:44Z">
          <reporter-output>
          </reporter-output>
        </test-method> <!-- loginPageTitleTest -->
        <test-method status="PASS" signature="tearDown()[pri:0, instance:com.crm.qa.testcases.LoginPageTest@4411d970]" name="tearDown" is-config="true" duration-ms="998" started-at="2020-04-30T13:02:45Z" finished-at="2020-04-30T13:02:45Z">
          <reporter-output>
          </reporter-output>
        </test-method> <!-- tearDown -->
      </class> <!-- com.crm.qa.testcases.LoginPageTest -->
    </test> <!-- Free CRM App Test Cases -->
  </suite> <!-- FREE CRM Application Test Automation Test Suite -->
</testng-results>
